2898
2832
2743
2709
2718
2737
2720
2693
2674
2688
2665
2581
2500
2581
2817
3124
3257
3205
3096
3012
3004
2991
2955
2901
2903
2914
2894
2806
2726
2708
2727
2745
2714
2674
2679
2680
2645
2531
2496
2640
2940
3187
3246
3160
3046
3003
2984
2973
2921
2904
2914
2911
2864
2769
2717
2714
2740
2735
2691
2675
2688
2682
2607
2501
2535
2765
3042
3243
3244
3123
3024
3002
3007
2975
2920
2910
2920
2901
2851
2738
2708
2723
2748
2716
2684
2678
2691
2668
2558
2501
2594
2874
3159
3275
3199
3085
3029
3022
3001
2967
2941
2933
2953
2922
2818
2745
2736
2751
2748
2725
2695
2692
2691
2643
2539
2527
2687
2983
3221
3261
3175
3049
3012
3015
2994
2961
2923
2920
2917
2876
2779
2719
2724
2758
2747
2713
2685
2704
2692
2602
2518
2567
2813
3102
3258
3238
3124
3038
3018
3011
2979
2939
2913
2938
2914
2842
2751
2727
2751
2760
2728
2709
2705
2705
2664
2565
2521
2646
2929
3183
3271
3208
3084
3027
3018
3011
2954
2931
2928
2940
2900
2812
2738
2739
2756
2758
2714
2709
2703
2709
2638
2548
2562
2754
3078
3263
3291
3185
3082
3038
3049
3011
2970
2942
2943
2956
2877
2793
2749
2764
2782
2767
2722
2715
2735
2705
2614
2536
2622
2870
3163
3297
3269
3137
3058
3045
3037
2982
2938
2952
2946
2934
2848
2750
2733
2778
2774
2744
2699
2731
2746
2656
2574
2543
2693
2980
3232
3295
3222
3099
3042
3051
3037
2973
2953
2967
3095
3029
2996
2992
2996
2966
2915
2903
2922
2925
2902
2835
2770
2717
2714
2728
2743
2721
2697
2682
2679
2690
2678
2602
2527
2506
2610
2820
3071
3217
3271
3208
3110
3029
3008
3011
2994
2952
2936
2911
2931
2938
2903
2853
2765
2726
2727
2750
2747
2739
2701
2686
2687
2710
2675
2606
2535
2509
2623
2819
3078
3236
3274
3209
3111
3034
3015
3016
3001
2964
2941
2919
2929
2942
2928
2863
2784
2729
2735
2753
2760
2749
2712
2707
2701
2718
2691
2618
2536
2531
2619
2832
3089
3236
3282
3218
3134
3060
3016
3030
3012
2991
2937
2926
2933
2944
2927
2860
2782
2736
2738
2755
2755
2743
2718
2696
2704
2711
2694
2622
2535
2527
2626
2845
3081
3237
3296
3224
3123
3052
3027
3032
3020
2983
2951
2932
2944
2959
2922
2873
2796
2752
2737
2751
2773
2746
2728
2705
2724
2727
2696
2626
2544
2542
2631
2847
3093
3260
3295
3226
3133
3053
3045
3045
3019
2993
2963
2941
2944
2955
2947
2889
2794
2755
2750
2768
2773
2759
2738
2720
2713
2730
2709
2631
2560
2546
2633
2842
3112
3259
3310
3239
3133
3060
3043
3051
3031
3005
2955
2949
2940
2957
2947
2884
2808
2747
2765
2779
2780
2765
2730
2715
2725
2721
2710
2640
2554
2548
2650
2866
3101
3260
3301
3260
3133
3069
3053
3047
3042
3006
2969
2952
2958
2973
2944
2886
2801
2761
2757
2781
2774
2766
2740
2728
2732
2738
2728
2654
2561
2542
2650
2855
3108
3260
3323
3258
2558
2490
2540
2719
2956
3167
3254
3227
3148
3041
3005
2997
2991
2970
2925
2905
2915
2913
2905
2866
2792
2725
2716
2719
2741
2733
2724
2683
2691
2694
2693
2641
2567
2510
2560
2729
2969
3178
3265
3237
3162
3057
3025
3011
3011
2989
2938
2917
2916
2922
2923
2885
2809
2743
2718
2744
2750
2746
2720
2692
2687
2704
2693
2648
2565
2506
2556
2743
2997
3184
3279
3252
3156
3069
3029
3021
3015
2991
2950
2933
2932
2941
2929
2882
2809
2754
2728
2741
2760
2755
2719
2709
2706
2713
2714
2661
2577
2522
2577
2747
3005
3194
3286
3257
3169
3081
3045
3021
3021
2993
2951
2929
2929
2953
2936
2890
2811
2762
2739
2751
2766
2758
2741
2709
2698
2731
2724
2664
2583
2525
2579
2754
3001
3203
3304
3258
3173
3095
3050
3030
3028
3009
2961
2941
2934
2956
2941
2894
2812
2760
2743
2749
2771
2772
2745
2713
2720
2721
2727
2662
2586
2540
2587
2757
3007
3210
3282
3269
3183
3087
3048
3041
3039
3021
2973
2942
2943
2965
2946
2897
2835
2754
2742
2760
2789
2767
2745
2721
2711
2734
2727
2657
2574
2535
2590
2756
3011
3218
3307
3279
3187
3101
3051
3039
3032
3016
2982
2942
2946
2955
2958
2896
2821
2773
2753
2752
2771
2772
2738
2718
2725
2732
2733
2659
2586
2540
2591
2758
3014
3213
3312
3268
3187
3090
3055
3060
3054
3021
2987
2961
2949
2963
2955
2923
2842
2785
2758
2771
2789
2782
2759
2734
2715
2746
2728
2681
2558
2490
2540
2719
2956
3167
3254
3227
3148
3041
3005
2997
2991
2970
2925
2905
2915
2913
2905
2866
2792
2725
2716
2719
2741
2733
2724
2683
2691
2694
2693
2641
2567
2510
2560
2729
2969
3178
3265
3237
3162
3057
3025
3011
3011
2989
2938
2917
2916
2922
2923
2885
2809
2743
2718
2744
2750
2746
2720
2692
2687
2704
2693
2648
2565
2506
2556
2743
2997
3184
3279
3252
3156
3069
3029
3021
3015
2991
2950
2933
2932
2941
2929
2882
2809
2754
2728
2741
2760
2755
2719
2709
2706
2713
2714
2661
2577
2522
2577
2747
3005
3194
3286
3257
3169
3081
3045
3021
3021
2993
2951
2929
2929
2953
2936
2890
2811
2762
2739
2751
2766
2758
2741
2709
2698
2731
2724
2664
2583
2525
2579
2754
3001
3203
3304
3258
3173
3095
3050
3030
3028
3009
2961
2941
2934
2956
2941
2894
2812
2760
2743
2749
2771
2772
2745
2713
2720
2721
2727
2662
2586
2540
2587
2757
3007
3210
3282
3269
3183
3087
3048
3041
3039
3021
2973
2942
2943
2965
2946
2897
2835
2754
2742
2760
2789
2767
2745
2721
2711
2734
2727
2657
2574
2535
2590
2756
3011
3218
3307
3279
3187
3101
3051
3039
3032
3016
2982
2942
2946
2955
2958
2896
2821
2773
2753
2752
2771
2772
2738
2718
2725
2732
2733
2659
2586
2540
2591
2758
3014
3213
3312
3268
3187
3090
3055
3060
3054
3021
2987
2961
2949
2963
2955
2923
2842
2785
2758
2771
2789
2782
2759
2734
2715
2746
2728
2681
